APP_LOG: 2025/11/12 22:17:52 config.go:17: JWT_SECRET not set in environment
APP_LOG: 2025/11/12 22:17:52 config.go:21: IMAGEKIT_PRIVATE_KEY not set in environment
APP_LOG: 2025/11/12 22:17:52 config.go:25: REFRESH_TOKEN_SECRET not set in environment
APP_LOG: 2025/11/12 22:17:52 main.go:24: Application started successfully.
APP_LOG: 2025/11/12 22:17:52 auth.go:59: AuthMiddleware Started
APP_LOG: 2025/11/12 22:17:52 auth.go:59: AuthMiddleware Started
APP_LOG: 2025/11/12 22:17:52 auth.go:59: AuthMiddleware Started
APP_LOG: 2025/11/12 22:17:52 auth.go:59: AuthMiddleware Started
APP_LOG: 2025/11/12 22:17:52 auth.go:59: AuthMiddleware Started
APP_LOG: 2025/11/12 22:17:52 auth.go:59: AuthMiddleware Started
APP_LOG: 2025/11/12 22:17:52 auth.go:59: AuthMiddleware Started
APP_LOG: 2025/11/12 22:17:52 auth.go:59: AuthMiddleware Started
APP_LOG: 2025/11/12 22:17:52 auth.go:59: AuthMiddleware Started
APP_LOG: 2025/11/12 22:17:52 auth.go:59: AuthMiddleware Started
APP_LOG: 2025/11/12 22:17:52 auth.go:59: AuthMiddleware Started
APP_LOG: 2025/11/12 22:19:03 usersController.go:213: GetAccess request started
APP_LOG: 2025/11/12 22:19:03 usersController.go:225: GetAccess service error: sql: no rows in result set
APP_LOG: 2025/11/12 22:19:03 controllers.go:10: Error response: 401 - Token süresi dolmuş
APP_LOG: 2025/11/12 22:19:09 usersController.go:54: Login request started
APP_LOG: 2025/11/12 22:19:09 usersController.go:93: Login success: User 1 logged in
APP_LOG: 2025/11/12 22:19:09 controllers.go:21: Success response: 202
APP_LOG: 2025/11/12 22:19:12 productController.go:95: AddProduct request started
APP_LOG: 2025/11/12 22:19:12 productController.go:111: handleMultipartProduct error: Failed to parse form - request Content-Type isn't multipart/form-data
APP_LOG: 2025/11/12 22:19:12 controllers.go:10: Error response: 400 - Form verisi işlenemedi
APP_LOG: 2025/11/12 22:21:42 brandsController.go:45: GetBrands request started
APP_LOG: 2025/11/12 22:21:42 brandsController.go:57: GetBrands parameters: page=1, search=''
APP_LOG: 2025/11/12 22:21:42 categoriesController.go:44: GetCategories request started
APP_LOG: 2025/11/12 22:21:42 categoriesController.go:56: GetCategories parameters: page=1, search=''
APP_LOG: 2025/11/12 22:21:42 brandsController.go:66: GetBrands success: 50 brands retrieved
APP_LOG: 2025/11/12 22:21:42 controllers.go:21: Success response: 200
APP_LOG: 2025/11/12 22:21:42 categoriesController.go:65: GetCategories success: 50 categories retrieved
APP_LOG: 2025/11/12 22:21:42 controllers.go:21: Success response: 200
APP_LOG: 2025/11/12 22:21:43 controllers.go:21: Success response: 200
APP_LOG: 2025/11/12 22:21:43 controllers.go:21: Success response: 200
APP_LOG: 2025/11/12 22:21:45 productRepo.go:60:  true
APP_LOG: 2025/11/12 22:21:45 controllers.go:21: Success response: 200
APP_LOG: 2025/11/12 22:21:45 productRepo.go:60:  true
APP_LOG: 2025/11/12 22:21:45 controllers.go:21: Success response: 200
APP_LOG: 2025/11/12 22:28:16 productController.go:95: AddProduct request started
APP_LOG: 2025/11/12 22:28:16 productController.go:111: handleMultipartProduct error: Failed to parse form - request Content-Type isn't multipart/form-data
APP_LOG: 2025/11/12 22:28:16 controllers.go:10: Error response: 400 - Form verisi işlenemedi
APP_LOG: 2025/11/12 22:28:17 productController.go:95: AddProduct request started
APP_LOG: 2025/11/12 22:28:17 productController.go:111: handleMultipartProduct error: Failed to parse form - request Content-Type isn't multipart/form-data
APP_LOG: 2025/11/12 22:28:17 controllers.go:10: Error response: 400 - Form verisi işlenemedi
APP_LOG: 2025/11/12 22:28:17 productController.go:95: AddProduct request started
APP_LOG: 2025/11/12 22:28:17 productController.go:111: handleMultipartProduct error: Failed to parse form - request Content-Type isn't multipart/form-data
APP_LOG: 2025/11/12 22:28:17 controllers.go:10: Error response: 400 - Form verisi işlenemedi
APP_LOG: 2025/11/12 22:28:20 productController.go:95: AddProduct request started
APP_LOG: 2025/11/12 22:28:20 productController.go:111: handleMultipartProduct error: Failed to parse form - request Content-Type isn't multipart/form-data
APP_LOG: 2025/11/12 22:28:20 controllers.go:10: Error response: 400 - Form verisi işlenemedi
APP_LOG: 2025/11/12 22:28:45 usersController.go:213: GetAccess request started
APP_LOG: 2025/11/12 22:28:45 usersController.go:225: GetAccess service error: sql: no rows in result set
APP_LOG: 2025/11/12 22:28:45 controllers.go:10: Error response: 401 - Token süresi dolmuş
APP_LOG: 2025/11/12 22:29:39 brandsController.go:45: GetBrands request started
APP_LOG: 2025/11/12 22:29:39 brandsController.go:57: GetBrands parameters: page=1, search=''
APP_LOG: 2025/11/12 22:29:39 categoriesController.go:44: GetCategories request started
APP_LOG: 2025/11/12 22:29:39 categoriesController.go:56: GetCategories parameters: page=1, search=''
APP_LOG: 2025/11/12 22:29:39 brandsController.go:66: GetBrands success: 50 brands retrieved
APP_LOG: 2025/11/12 22:29:39 controllers.go:21: Success response: 200
APP_LOG: 2025/11/12 22:29:39 categoriesController.go:65: GetCategories success: 50 categories retrieved
APP_LOG: 2025/11/12 22:29:39 controllers.go:21: Success response: 200
APP_LOG: 2025/11/12 22:29:48 controllers.go:21: Admin success response: 200
APP_LOG: 2025/11/12 22:30:13 usersController.go:213: GetAccess request started
APP_LOG: 2025/11/12 22:30:13 usersController.go:225: GetAccess service error: sql: no rows in result set
APP_LOG: 2025/11/12 22:30:13 controllers.go:10: Error response: 401 - Token süresi dolmuş
APP_LOG: 2025/11/12 22:31:36 config.go:17: JWT_SECRET not set in environment
APP_LOG: 2025/11/12 22:31:36 config.go:21: IMAGEKIT_PRIVATE_KEY not set in environment
APP_LOG: 2025/11/12 22:31:36 config.go:25: REFRESH_TOKEN_SECRET not set in environment
APP_LOG: 2025/11/12 22:31:36 main.go:24: Application started successfully.
APP_LOG: 2025/11/12 22:31:36 auth.go:59: AuthMiddleware Started
APP_LOG: 2025/11/12 22:31:36 auth.go:59: AuthMiddleware Started
APP_LOG: 2025/11/12 22:31:36 auth.go:59: AuthMiddleware Started
APP_LOG: 2025/11/12 22:31:36 auth.go:59: AuthMiddleware Started
APP_LOG: 2025/11/12 22:31:36 auth.go:59: AuthMiddleware Started
APP_LOG: 2025/11/12 22:31:36 auth.go:59: AuthMiddleware Started
APP_LOG: 2025/11/12 22:31:36 auth.go:59: AuthMiddleware Started
APP_LOG: 2025/11/12 22:31:36 auth.go:59: AuthMiddleware Started
APP_LOG: 2025/11/12 22:31:36 auth.go:59: AuthMiddleware Started
APP_LOG: 2025/11/12 22:31:36 auth.go:59: AuthMiddleware Started
APP_LOG: 2025/11/12 22:31:36 auth.go:59: AuthMiddleware Started
APP_LOG: 2025/11/12 22:33:11 controllers.go:21: Success response: 200
APP_LOG: 2025/11/12 22:33:11 controllers.go:21: Success response: 200
APP_LOG: 2025/11/13 21:43:38 config.go:17: JWT_SECRET not set in environment
APP_LOG: 2025/11/13 21:43:38 config.go:21: IMAGEKIT_PRIVATE_KEY not set in environment
APP_LOG: 2025/11/13 21:43:38 config.go:25: REFRESH_TOKEN_SECRET not set in environment
APP_LOG: 2025/11/13 21:43:38 main.go:24: Application started successfully.
APP_LOG: 2025/11/13 21:43:38 auth.go:59: AuthMiddleware Started
APP_LOG: 2025/11/13 21:43:38 auth.go:59: AuthMiddleware Started
APP_LOG: 2025/11/13 21:43:38 auth.go:59: AuthMiddleware Started
APP_LOG: 2025/11/13 21:43:38 auth.go:59: AuthMiddleware Started
APP_LOG: 2025/11/13 21:43:38 auth.go:59: AuthMiddleware Started
APP_LOG: 2025/11/13 21:43:38 auth.go:59: AuthMiddleware Started
APP_LOG: 2025/11/13 21:43:38 auth.go:59: AuthMiddleware Started
APP_LOG: 2025/11/13 21:43:38 auth.go:59: AuthMiddleware Started
APP_LOG: 2025/11/13 21:43:38 auth.go:59: AuthMiddleware Started
APP_LOG: 2025/11/13 21:43:38 auth.go:59: AuthMiddleware Started
APP_LOG: 2025/11/13 21:43:38 auth.go:59: AuthMiddleware Started
APP_LOG: 2025/11/13 21:44:10 controllers.go:21: Success response: 200
APP_LOG: 2025/11/13 21:44:19 brandsController.go:45: GetBrands request started
APP_LOG: 2025/11/13 21:44:19 brandsController.go:57: GetBrands parameters: page=1, search=''
APP_LOG: 2025/11/13 21:44:19 categoriesController.go:44: GetCategories request started
APP_LOG: 2025/11/13 21:44:19 categoriesController.go:56: GetCategories parameters: page=1, search=''
APP_LOG: 2025/11/13 21:44:19 brandsController.go:66: GetBrands success: 50 brands retrieved
APP_LOG: 2025/11/13 21:44:19 controllers.go:21: Success response: 200
APP_LOG: 2025/11/13 21:44:19 categoriesController.go:65: GetCategories success: 50 categories retrieved
APP_LOG: 2025/11/13 21:44:19 controllers.go:21: Success response: 200
APP_LOG: 2025/11/13 21:45:56 brandsController.go:45: GetBrands request started
APP_LOG: 2025/11/13 21:45:56 brandsController.go:57: GetBrands parameters: page=1, search=''
APP_LOG: 2025/11/13 21:45:56 brandsController.go:66: GetBrands success: 50 brands retrieved
APP_LOG: 2025/11/13 21:45:56 controllers.go:21: Success response: 200
APP_LOG: 2025/11/13 21:45:59 brandsController.go:45: GetBrands request started
APP_LOG: 2025/11/13 21:45:59 brandsController.go:57: GetBrands parameters: page=1, search='iphone'
APP_LOG: 2025/11/13 21:45:59 brandsController.go:66: GetBrands success: 1 brands retrieved
APP_LOG: 2025/11/13 21:45:59 controllers.go:21: Success response: 200
APP_LOG: 2025/11/13 21:46:00 brandsController.go:45: GetBrands request started
APP_LOG: 2025/11/13 21:46:00 brandsController.go:57: GetBrands parameters: page=1, search=''
APP_LOG: 2025/11/13 21:46:00 brandsController.go:66: GetBrands success: 50 brands retrieved
APP_LOG: 2025/11/13 21:46:00 controllers.go:21: Success response: 200
APP_LOG: 2025/11/13 21:46:01 categoriesController.go:44: GetCategories request started
APP_LOG: 2025/11/13 21:46:01 categoriesController.go:56: GetCategories parameters: page=1, search='ıos'
APP_LOG: 2025/11/13 21:46:01 categoriesController.go:65: GetCategories success: 0 categories retrieved
APP_LOG: 2025/11/13 21:46:01 controllers.go:21: Success response: 200
APP_LOG: 2025/11/13 21:46:05 categoriesController.go:44: GetCategories request started
APP_LOG: 2025/11/13 21:46:05 categoriesController.go:56: GetCategories parameters: page=1, search='ios'
APP_LOG: 2025/11/13 21:46:05 categoriesController.go:65: GetCategories success: 1 categories retrieved
APP_LOG: 2025/11/13 21:46:05 controllers.go:21: Success response: 200
APP_LOG: 2025/11/13 21:46:06 categoriesController.go:44: GetCategories request started
APP_LOG: 2025/11/13 21:46:06 categoriesController.go:56: GetCategories parameters: page=1, search=''
APP_LOG: 2025/11/13 21:46:06 categoriesController.go:65: GetCategories success: 50 categories retrieved
APP_LOG: 2025/11/13 21:46:06 controllers.go:21: Success response: 200
APP_LOG: 2025/11/13 21:46:06 controllers.go:21: Admin success response: 200
APP_LOG: 2025/11/13 22:02:43 config.go:17: JWT_SECRET not set in environment
APP_LOG: 2025/11/13 22:02:43 config.go:21: IMAGEKIT_PRIVATE_KEY not set in environment
APP_LOG: 2025/11/13 22:02:43 config.go:25: REFRESH_TOKEN_SECRET not set in environment
APP_LOG: 2025/11/13 22:02:43 main.go:24: Application started successfully.
APP_LOG: 2025/11/13 22:02:43 auth.go:59: AuthMiddleware Started
APP_LOG: 2025/11/13 22:02:43 auth.go:59: AuthMiddleware Started
APP_LOG: 2025/11/13 22:02:43 auth.go:59: AuthMiddleware Started
APP_LOG: 2025/11/13 22:02:43 auth.go:59: AuthMiddleware Started
APP_LOG: 2025/11/13 22:02:43 auth.go:59: AuthMiddleware Started
APP_LOG: 2025/11/13 22:02:43 auth.go:59: AuthMiddleware Started
APP_LOG: 2025/11/13 22:02:43 auth.go:59: AuthMiddleware Started
APP_LOG: 2025/11/13 22:02:43 auth.go:59: AuthMiddleware Started
APP_LOG: 2025/11/13 22:02:43 auth.go:59: AuthMiddleware Started
APP_LOG: 2025/11/13 22:02:43 auth.go:59: AuthMiddleware Started
APP_LOG: 2025/11/13 22:02:43 auth.go:59: AuthMiddleware Started
APP_LOG: 2025/11/13 22:06:29 controllers.go:21: Admin success response: 200
APP_LOG: 2025/11/13 22:11:18 config.go:17: JWT_SECRET not set in environment
APP_LOG: 2025/11/13 22:11:18 config.go:21: IMAGEKIT_PRIVATE_KEY not set in environment
APP_LOG: 2025/11/13 22:11:18 config.go:25: REFRESH_TOKEN_SECRET not set in environment
APP_LOG: 2025/11/13 22:11:18 main.go:24: Application started successfully.
APP_LOG: 2025/11/13 22:11:18 auth.go:59: AuthMiddleware Started
APP_LOG: 2025/11/13 22:11:18 auth.go:59: AuthMiddleware Started
APP_LOG: 2025/11/13 22:11:18 auth.go:59: AuthMiddleware Started
APP_LOG: 2025/11/13 22:11:18 auth.go:59: AuthMiddleware Started
APP_LOG: 2025/11/13 22:11:18 auth.go:59: AuthMiddleware Started
APP_LOG: 2025/11/13 22:11:18 auth.go:59: AuthMiddleware Started
APP_LOG: 2025/11/13 22:11:18 auth.go:59: AuthMiddleware Started
APP_LOG: 2025/11/13 22:11:18 auth.go:59: AuthMiddleware Started
APP_LOG: 2025/11/13 22:11:18 auth.go:59: AuthMiddleware Started
APP_LOG: 2025/11/13 22:11:18 auth.go:59: AuthMiddleware Started
APP_LOG: 2025/11/13 22:11:18 auth.go:59: AuthMiddleware Started
APP_LOG: 2025/11/13 22:13:05 main.go:24: Application started successfully.
APP_LOG: 2025/11/13 22:13:05 auth.go:59: AuthMiddleware Started
APP_LOG: 2025/11/13 22:13:05 auth.go:59: AuthMiddleware Started
APP_LOG: 2025/11/13 22:13:05 auth.go:59: AuthMiddleware Started
APP_LOG: 2025/11/13 22:13:05 auth.go:59: AuthMiddleware Started
APP_LOG: 2025/11/13 22:13:05 auth.go:59: AuthMiddleware Started
APP_LOG: 2025/11/13 22:13:05 auth.go:59: AuthMiddleware Started
APP_LOG: 2025/11/13 22:13:05 auth.go:59: AuthMiddleware Started
APP_LOG: 2025/11/13 22:13:05 auth.go:59: AuthMiddleware Started
APP_LOG: 2025/11/13 22:13:05 auth.go:59: AuthMiddleware Started
APP_LOG: 2025/11/13 22:13:05 auth.go:59: AuthMiddleware Started
APP_LOG: 2025/11/13 22:13:05 auth.go:59: AuthMiddleware Started
APP_LOG: 2025/11/13 22:13:32 brandsController.go:45: GetBrands request started
APP_LOG: 2025/11/13 22:13:32 brandsController.go:57: GetBrands parameters: page=1, search='iphone'
APP_LOG: 2025/11/13 22:13:32 brandsController.go:66: GetBrands success: 1 brands retrieved
APP_LOG: 2025/11/13 22:13:32 controllers.go:21: Success response: 200
APP_LOG: 2025/11/13 22:13:34 brandsController.go:45: GetBrands request started
APP_LOG: 2025/11/13 22:13:34 brandsController.go:57: GetBrands parameters: page=1, search=''
APP_LOG: 2025/11/13 22:13:34 brandsController.go:66: GetBrands success: 50 brands retrieved
APP_LOG: 2025/11/13 22:13:34 controllers.go:21: Success response: 200
APP_LOG: 2025/11/13 22:13:36 categoriesController.go:44: GetCategories request started
APP_LOG: 2025/11/13 22:13:36 categoriesController.go:56: GetCategories parameters: page=1, search='IOS'
APP_LOG: 2025/11/13 22:13:36 categoriesController.go:65: GetCategories success: 1 categories retrieved
APP_LOG: 2025/11/13 22:13:36 controllers.go:21: Success response: 200
APP_LOG: 2025/11/13 22:13:37 categoriesController.go:44: GetCategories request started
APP_LOG: 2025/11/13 22:13:37 categoriesController.go:56: GetCategories parameters: page=1, search=''
APP_LOG: 2025/11/13 22:13:37 controllers.go:21: Admin success response: 200
APP_LOG: 2025/11/13 22:13:37 categoriesController.go:65: GetCategories success: 50 categories retrieved
APP_LOG: 2025/11/13 22:13:37 controllers.go:21: Success response: 200
APP_LOG: 2025/11/13 22:15:28 config.go:17: JWT_SECRET not set in environment
APP_LOG: 2025/11/13 22:15:28 config.go:21: IMAGEKIT_PRIVATE_KEY not set in environment
APP_LOG: 2025/11/13 22:15:28 config.go:25: REFRESH_TOKEN_SECRET not set in environment
APP_LOG: 2025/11/13 22:15:28 main.go:24: Application started successfully.
APP_LOG: 2025/11/13 22:15:58 main.go:24: Application started successfully.
APP_LOG: 2025/11/13 22:16:04 auth.go:60: AuthMiddleware: POST /api/products/transactions/ - Started
APP_LOG: 2025/11/13 22:16:04 auth.go:65: AuthMiddleware: POST /api/products/transactions/ - No access_token cookie found: http: named cookie not present
APP_LOG: 2025/11/13 22:16:27 auth.go:60: AuthMiddleware: POST /api/products/transactions/ - Started
APP_LOG: 2025/11/13 22:16:27 auth.go:65: AuthMiddleware: POST /api/products/transactions/ - No access_token cookie found: http: named cookie not present
APP_LOG: 2025/11/13 22:18:10 main.go:24: Application started successfully.
APP_LOG: 2025/11/13 22:18:10 auth.go:60: AuthMiddleware Started
APP_LOG: 2025/11/13 22:18:10 auth.go:60: AuthMiddleware Started
APP_LOG: 2025/11/13 22:18:10 auth.go:60: AuthMiddleware Started
APP_LOG: 2025/11/13 22:18:10 auth.go:60: AuthMiddleware Started
APP_LOG: 2025/11/13 22:18:10 auth.go:60: AuthMiddleware Started
APP_LOG: 2025/11/13 22:18:10 auth.go:60: AuthMiddleware Started
APP_LOG: 2025/11/13 22:18:10 auth.go:60: AuthMiddleware Started
APP_LOG: 2025/11/13 22:18:10 auth.go:60: AuthMiddleware Started
APP_LOG: 2025/11/13 22:18:10 auth.go:60: AuthMiddleware Started
APP_LOG: 2025/11/13 22:18:10 auth.go:60: AuthMiddleware Started
APP_LOG: 2025/11/13 22:18:10 auth.go:60: AuthMiddleware Started
APP_LOG: 2025/11/13 22:18:16 auth.go:66: AuthMiddleware: Cookie not found - http: named cookie not present
APP_LOG: 2025/11/13 22:21:05 auth.go:66: AuthMiddleware: Cookie not found - http: named cookie not present
APP_LOG: 2025/11/13 22:22:17 auth.go:66: AuthMiddleware: Cookie not found - http: named cookie not present
APP_LOG: 2025/11/13 22:22:17 usersController.go:213: GetAccess request started
APP_LOG: 2025/11/13 22:22:17 usersController.go:225: GetAccess service error: sql: no rows in result set
APP_LOG: 2025/11/13 22:22:17 controllers.go:10: Error response: 401 - Token süresi dolmuş
APP_LOG: 2025/11/13 22:22:24 controllers.go:21: Success response: 200
APP_LOG: 2025/11/13 22:22:24 controllers.go:21: Success response: 200
APP_LOG: 2025/11/13 22:22:26 usersController.go:54: Login request started
APP_LOG: 2025/11/13 22:22:26 usersController.go:93: Login success: User 1 logged in
APP_LOG: 2025/11/13 22:22:26 controllers.go:21: Success response: 202
APP_LOG: 2025/11/13 22:22:26 controllers.go:21: Success response: 200
APP_LOG: 2025/11/13 22:22:26 controllers.go:21: Success response: 200
APP_LOG: 2025/11/13 22:22:30 brandsController.go:45: GetBrands request started
APP_LOG: 2025/11/13 22:22:30 brandsController.go:57: GetBrands parameters: page=1, search=''
APP_LOG: 2025/11/13 22:22:30 categoriesController.go:44: GetCategories request started
APP_LOG: 2025/11/13 22:22:30 categoriesController.go:56: GetCategories parameters: page=1, search=''
APP_LOG: 2025/11/13 22:22:30 brandsController.go:66: GetBrands success: 50 brands retrieved
APP_LOG: 2025/11/13 22:22:30 controllers.go:21: Success response: 200
APP_LOG: 2025/11/13 22:22:30 categoriesController.go:65: GetCategories success: 50 categories retrieved
APP_LOG: 2025/11/13 22:22:30 controllers.go:21: Success response: 200
APP_LOG: 2025/11/13 22:22:49 brandsController.go:45: GetBrands request started
APP_LOG: 2025/11/13 22:22:49 brandsController.go:57: GetBrands parameters: page=1, search='i'
APP_LOG: 2025/11/13 22:22:49 brandsController.go:66: GetBrands success: 50 brands retrieved
APP_LOG: 2025/11/13 22:22:49 controllers.go:21: Success response: 200
APP_LOG: 2025/11/13 22:22:50 brandsController.go:45: GetBrands request started
APP_LOG: 2025/11/13 22:22:50 brandsController.go:57: GetBrands parameters: page=1, search='iphone'
APP_LOG: 2025/11/13 22:22:51 brandsController.go:66: GetBrands success: 1 brands retrieved
APP_LOG: 2025/11/13 22:22:51 controllers.go:21: Success response: 200
APP_LOG: 2025/11/13 22:22:52 brandsController.go:45: GetBrands request started
APP_LOG: 2025/11/13 22:22:52 brandsController.go:57: GetBrands parameters: page=1, search=''
APP_LOG: 2025/11/13 22:22:52 brandsController.go:66: GetBrands success: 50 brands retrieved
APP_LOG: 2025/11/13 22:22:52 controllers.go:21: Success response: 200
APP_LOG: 2025/11/13 22:22:53 categoriesController.go:44: GetCategories request started
APP_LOG: 2025/11/13 22:22:53 categoriesController.go:56: GetCategories parameters: page=1, search='IOS'
APP_LOG: 2025/11/13 22:22:53 categoriesController.go:65: GetCategories success: 1 categories retrieved
APP_LOG: 2025/11/13 22:22:53 controllers.go:21: Success response: 200
APP_LOG: 2025/11/13 22:22:54 categoriesController.go:44: GetCategories request started
APP_LOG: 2025/11/13 22:22:54 categoriesController.go:56: GetCategories parameters: page=1, search=''
APP_LOG: 2025/11/13 22:22:54 categoriesController.go:65: GetCategories success: 50 categories retrieved
APP_LOG: 2025/11/13 22:22:54 controllers.go:21: Success response: 200
APP_LOG: 2025/11/13 22:22:54 controllers.go:21: Admin success response: 200
APP_LOG: 2025/11/13 22:23:07 productController.go:95: AddProduct request started
APP_LOG: 2025/11/13 22:23:18 productController.go:174: AddProduct service error: TX Error : context deadline exceeded
APP_LOG: 2025/11/13 22:23:18 controllers.go:10: Error response: 500 - Ürün eklenirken hata oluştu
APP_LOG: 2025/11/13 22:24:03 productController.go:95: AddProduct request started
APP_LOG: 2025/11/13 22:24:15 productController.go:174: AddProduct service error: TX Error : context deadline exceeded
APP_LOG: 2025/11/13 22:24:15 controllers.go:10: Error response: 500 - Ürün eklenirken hata oluştu
APP_LOG: 2025/11/13 22:24:36 main.go:24: Application started successfully.
APP_LOG: 2025/11/13 22:24:36 auth.go:60: AuthMiddleware Started
APP_LOG: 2025/11/13 22:24:36 auth.go:60: AuthMiddleware Started
APP_LOG: 2025/11/13 22:24:36 auth.go:60: AuthMiddleware Started
APP_LOG: 2025/11/13 22:24:36 auth.go:60: AuthMiddleware Started
APP_LOG: 2025/11/13 22:24:36 auth.go:60: AuthMiddleware Started
APP_LOG: 2025/11/13 22:24:36 auth.go:60: AuthMiddleware Started
APP_LOG: 2025/11/13 22:24:36 auth.go:60: AuthMiddleware Started
APP_LOG: 2025/11/13 22:24:36 auth.go:60: AuthMiddleware Started
APP_LOG: 2025/11/13 22:24:36 auth.go:60: AuthMiddleware Started
APP_LOG: 2025/11/13 22:24:36 auth.go:60: AuthMiddleware Started
APP_LOG: 2025/11/13 22:24:36 auth.go:60: AuthMiddleware Started
APP_LOG: 2025/11/13 22:24:48 productController.go:95: AddProduct request started
APP_LOG: 2025/11/13 22:24:56 productController.go:95: AddProduct request started
APP_LOG: 2025/11/13 22:24:57 productController.go:179: AddProduct success: Product added by user 1
APP_LOG: 2025/11/13 22:24:57 controllers.go:21: Success response: 201
APP_LOG: 2025/11/13 22:25:04 productController.go:174: AddProduct service error: Error : Database error pq: duplicate key value violates unique constraint "products_lower_idx"
APP_LOG: 2025/11/13 22:25:04 controllers.go:10: Error response: 500 - Ürün eklenirken hata oluştu
APP_LOG: 2025/11/13 22:25:12 productController.go:95: AddProduct request started
APP_LOG: 2025/11/13 22:25:21 productController.go:174: AddProduct service error: Error : Database error pq: duplicate key value violates unique constraint "products_lower_idx"
APP_LOG: 2025/11/13 22:25:21 controllers.go:10: Error response: 500 - Ürün eklenirken hata oluştu
APP_LOG: 2025/11/13 22:25:39 controllers.go:21: Success response: 200
APP_LOG: 2025/11/13 22:25:39 controllers.go:21: Success response: 200
APP_LOG: 2025/11/13 22:26:59 productRepo.go:60:  true
APP_LOG: 2025/11/13 22:26:59 controllers.go:21: Success response: 200
APP_LOG: 2025/11/13 22:27:11 controllers.go:21: Success response: 200
APP_LOG: 2025/11/13 22:27:11 controllers.go:21: Success response: 200
APP_LOG: 2025/11/13 22:27:18 controllers.go:21: Success response: 200
APP_LOG: 2025/11/13 22:27:18 controllers.go:21: Success response: 200
APP_LOG: 2025/11/13 22:27:23 productRepo.go:60:  true
APP_LOG: 2025/11/13 22:27:23 controllers.go:21: Success response: 200
APP_LOG: 2025/11/13 22:27:23 productRepo.go:60:  true
APP_LOG: 2025/11/13 22:27:23 controllers.go:21: Success response: 200
APP_LOG: 2025/11/13 22:29:26 productRepo.go:60:  true
APP_LOG: 2025/11/13 22:29:26 controllers.go:21: Success response: 200
APP_LOG: 2025/11/13 22:29:26 productRepo.go:60:  true
APP_LOG: 2025/11/13 22:29:26 controllers.go:21: Success response: 200
APP_LOG: 2025/11/13 22:29:32 brandsController.go:45: GetBrands request started
APP_LOG: 2025/11/13 22:29:32 brandsController.go:57: GetBrands parameters: page=1, search=''
APP_LOG: 2025/11/13 22:29:32 categoriesController.go:44: GetCategories request started
APP_LOG: 2025/11/13 22:29:32 categoriesController.go:56: GetCategories parameters: page=1, search=''
APP_LOG: 2025/11/13 22:29:32 brandsController.go:66: GetBrands success: 50 brands retrieved
APP_LOG: 2025/11/13 22:29:32 controllers.go:21: Success response: 200
APP_LOG: 2025/11/13 22:29:32 categoriesController.go:65: GetCategories success: 50 categories retrieved
APP_LOG: 2025/11/13 22:29:32 controllers.go:21: Success response: 200
APP_LOG: 2025/11/13 22:29:33 controllers.go:21: Success response: 200
APP_LOG: 2025/11/13 22:29:33 controllers.go:21: Success response: 200
APP_LOG: 2025/11/13 22:29:35 controllers.go:21: Success response: 200
APP_LOG: 2025/11/13 22:29:35 controllers.go:21: Success response: 200
APP_LOG: 2025/11/13 22:29:37 productRepo.go:60:  true
APP_LOG: 2025/11/13 22:29:37 controllers.go:21: Success response: 200
APP_LOG: 2025/11/13 22:29:37 productRepo.go:60:  true
APP_LOG: 2025/11/13 22:29:37 controllers.go:21: Success response: 200
APP_LOG: 2025/11/13 22:29:48 productRepo.go:60:  true
APP_LOG: 2025/11/13 22:29:48 controllers.go:21: Success response: 200
APP_LOG: 2025/11/13 22:29:50 productRepo.go:60:  true
APP_LOG: 2025/11/13 22:29:50 controllers.go:21: Success response: 200
APP_LOG: 2025/11/13 22:38:42 main.go:24: Application started successfully.
APP_LOG: 2025/11/13 22:38:42 auth.go:60: AuthMiddleware Started
APP_LOG: 2025/11/13 22:38:42 auth.go:60: AuthMiddleware Started
APP_LOG: 2025/11/13 22:38:42 auth.go:60: AuthMiddleware Started
APP_LOG: 2025/11/13 22:38:42 auth.go:60: AuthMiddleware Started
APP_LOG: 2025/11/13 22:38:42 auth.go:60: AuthMiddleware Started
APP_LOG: 2025/11/13 22:38:42 auth.go:60: AuthMiddleware Started
APP_LOG: 2025/11/13 22:38:42 auth.go:60: AuthMiddleware Started
APP_LOG: 2025/11/13 22:38:42 auth.go:60: AuthMiddleware Started
APP_LOG: 2025/11/13 22:38:42 auth.go:60: AuthMiddleware Started
APP_LOG: 2025/11/13 22:38:42 auth.go:60: AuthMiddleware Started
APP_LOG: 2025/11/13 22:38:42 auth.go:60: AuthMiddleware Started
APP_LOG: 2025/11/13 22:38:49 categoriesController.go:44: GetCategories request started
APP_LOG: 2025/11/13 22:38:49 categoriesController.go:56: GetCategories parameters: page=1, search=''
APP_LOG: 2025/11/13 22:38:49 brandsController.go:45: GetBrands request started
APP_LOG: 2025/11/13 22:38:49 brandsController.go:57: GetBrands parameters: page=1, search=''
APP_LOG: 2025/11/13 22:38:49 categoriesController.go:65: GetCategories success: 50 categories retrieved
APP_LOG: 2025/11/13 22:38:49 controllers.go:21: Success response: 200
APP_LOG: 2025/11/13 22:38:49 brandsController.go:66: GetBrands success: 50 brands retrieved
APP_LOG: 2025/11/13 22:38:49 controllers.go:21: Success response: 200
APP_LOG: 2025/11/13 22:39:03 brandsController.go:45: GetBrands request started
APP_LOG: 2025/11/13 22:39:03 brandsController.go:57: GetBrands parameters: page=1, search='iphone'
APP_LOG: 2025/11/13 22:39:03 brandsController.go:66: GetBrands success: 1 brands retrieved
APP_LOG: 2025/11/13 22:39:03 controllers.go:21: Success response: 200
APP_LOG: 2025/11/13 22:39:04 brandsController.go:45: GetBrands request started
APP_LOG: 2025/11/13 22:39:04 brandsController.go:57: GetBrands parameters: page=1, search=''
APP_LOG: 2025/11/13 22:39:04 brandsController.go:66: GetBrands success: 50 brands retrieved
APP_LOG: 2025/11/13 22:39:04 controllers.go:21: Success response: 200
APP_LOG: 2025/11/13 22:39:06 categoriesController.go:44: GetCategories request started
APP_LOG: 2025/11/13 22:39:06 categoriesController.go:56: GetCategories parameters: page=1, search='IOS'
APP_LOG: 2025/11/13 22:39:06 categoriesController.go:65: GetCategories success: 1 categories retrieved
APP_LOG: 2025/11/13 22:39:06 controllers.go:21: Success response: 200
APP_LOG: 2025/11/13 22:39:07 categoriesController.go:44: GetCategories request started
APP_LOG: 2025/11/13 22:39:07 categoriesController.go:56: GetCategories parameters: page=1, search=''
APP_LOG: 2025/11/13 22:39:07 categoriesController.go:65: GetCategories success: 50 categories retrieved
APP_LOG: 2025/11/13 22:39:07 controllers.go:21: Success response: 200
APP_LOG: 2025/11/13 22:39:07 controllers.go:21: Admin success response: 200
APP_LOG: 2025/11/13 22:39:18 auth.go:66: AuthMiddleware: Cookie not found - http: named cookie not present
APP_LOG: 2025/11/13 22:39:18 auth.go:66: AuthMiddleware: Cookie not found - http: named cookie not present
APP_LOG: 2025/11/13 22:39:19 auth.go:66: AuthMiddleware: Cookie not found - http: named cookie not present
APP_LOG: 2025/11/13 22:39:32 auth.go:66: AuthMiddleware: Cookie not found - http: named cookie not present
APP_LOG: 2025/11/13 22:40:48 main.go:24: Application started successfully.
APP_LOG: 2025/11/13 22:40:48 auth.go:60: AuthMiddleware Started
APP_LOG: 2025/11/13 22:40:48 auth.go:60: AuthMiddleware Started
APP_LOG: 2025/11/13 22:40:48 auth.go:60: AuthMiddleware Started
APP_LOG: 2025/11/13 22:40:48 auth.go:60: AuthMiddleware Started
APP_LOG: 2025/11/13 22:40:48 auth.go:60: AuthMiddleware Started
APP_LOG: 2025/11/13 22:40:48 auth.go:60: AuthMiddleware Started
APP_LOG: 2025/11/13 22:40:48 auth.go:60: AuthMiddleware Started
APP_LOG: 2025/11/13 22:40:48 auth.go:60: AuthMiddleware Started
APP_LOG: 2025/11/13 22:40:48 auth.go:60: AuthMiddleware Started
APP_LOG: 2025/11/13 22:40:48 auth.go:60: AuthMiddleware Started
APP_LOG: 2025/11/13 22:40:48 auth.go:60: AuthMiddleware Started
APP_LOG: 2025/11/13 22:40:54 auth.go:66: AuthMiddleware: Cookie not found - http: named cookie not present
APP_LOG: 2025/11/13 22:41:04 auth.go:66: AuthMiddleware: Cookie not found - http: named cookie not present
APP_LOG: 2025/11/13 22:42:09 controllers.go:21: Success response: 200
APP_LOG: 2025/11/13 22:42:09 controllers.go:21: Success response: 200
APP_LOG: 2025/11/13 22:42:23 auth.go:66: AuthMiddleware: Cookie not found - http: named cookie not present
APP_LOG: 2025/11/13 22:42:23 auth.go:66: AuthMiddleware: Cookie not found - http: named cookie not present
APP_LOG: 2025/11/13 22:42:23 usersController.go:213: GetAccess request started
APP_LOG: 2025/11/13 22:42:23 usersController.go:249: GetAccess success: Access token refreshed
APP_LOG: 2025/11/13 22:42:23 controllers.go:21: Success response: 200
APP_LOG: 2025/11/13 22:42:23 usersController.go:148: GetUserData request started
APP_LOG: 2025/11/13 22:42:23 usersController.go:164: GetUserData success: User data retrieved for user 1
APP_LOG: 2025/11/13 22:42:23 controllers.go:21: Success response: 200
APP_LOG: 2025/11/13 22:43:46 brandsController.go:45: GetBrands request started
APP_LOG: 2025/11/13 22:43:46 brandsController.go:57: GetBrands parameters: page=1, search=''
APP_LOG: 2025/11/13 22:43:46 brandsController.go:66: GetBrands success: 50 brands retrieved
APP_LOG: 2025/11/13 22:43:46 controllers.go:21: Success response: 200
APP_LOG: 2025/11/13 22:43:46 categoriesController.go:44: GetCategories request started
APP_LOG: 2025/11/13 22:43:46 categoriesController.go:56: GetCategories parameters: page=1, search=''
APP_LOG: 2025/11/13 22:43:46 categoriesController.go:65: GetCategories success: 50 categories retrieved
APP_LOG: 2025/11/13 22:43:46 controllers.go:21: Success response: 200
APP_LOG: 2025/11/13 22:43:56 brandsController.go:45: GetBrands request started
APP_LOG: 2025/11/13 22:43:56 brandsController.go:57: GetBrands parameters: page=1, search='iphone'
APP_LOG: 2025/11/13 22:43:56 brandsController.go:66: GetBrands success: 1 brands retrieved
APP_LOG: 2025/11/13 22:43:56 controllers.go:21: Success response: 200
APP_LOG: 2025/11/13 22:43:57 brandsController.go:45: GetBrands request started
APP_LOG: 2025/11/13 22:43:57 brandsController.go:57: GetBrands parameters: page=1, search=''
APP_LOG: 2025/11/13 22:43:57 brandsController.go:66: GetBrands success: 50 brands retrieved
APP_LOG: 2025/11/13 22:43:57 controllers.go:21: Success response: 200
APP_LOG: 2025/11/13 22:43:58 categoriesController.go:44: GetCategories request started
APP_LOG: 2025/11/13 22:43:58 categoriesController.go:56: GetCategories parameters: page=1, search='IOS'
APP_LOG: 2025/11/13 22:43:58 categoriesController.go:65: GetCategories success: 1 categories retrieved
APP_LOG: 2025/11/13 22:43:58 controllers.go:21: Success response: 200
APP_LOG: 2025/11/13 22:43:59 categoriesController.go:44: GetCategories request started
APP_LOG: 2025/11/13 22:43:59 categoriesController.go:56: GetCategories parameters: page=1, search=''
APP_LOG: 2025/11/13 22:43:59 controllers.go:21: Admin success response: 200
APP_LOG: 2025/11/13 22:43:59 categoriesController.go:65: GetCategories success: 50 categories retrieved
APP_LOG: 2025/11/13 22:43:59 controllers.go:21: Success response: 200
APP_LOG: 2025/11/13 22:44:12 productController.go:95: AddProduct request started
APP_LOG: 2025/11/13 22:44:23 productController.go:174: AddProduct service error: Error : Database error pq: duplicate key value violates unique constraint "products_lower_idx"
APP_LOG: 2025/11/13 22:44:23 controllers.go:10: Error response: 500 - Ürün eklenirken hata oluştus
APP_LOG: 2025/11/13 22:45:59 productController.go:95: AddProduct request started
APP_LOG: 2025/11/13 22:46:10 productController.go:179: AddProduct success: Product added by user 1
APP_LOG: 2025/11/13 22:46:10 controllers.go:21: Success response: 201
APP_LOG: 2025/11/13 22:46:31 controllers.go:21: Success response: 200
APP_LOG: 2025/11/13 22:46:31 controllers.go:21: Success response: 200
APP_LOG: 2025/11/13 22:51:19 main.go:24: Application started successfully.
APP_LOG: 2025/11/13 22:51:19 auth.go:60: AuthMiddleware Started
APP_LOG: 2025/11/13 22:51:19 auth.go:60: AuthMiddleware Started
APP_LOG: 2025/11/13 22:51:19 auth.go:60: AuthMiddleware Started
APP_LOG: 2025/11/13 22:51:19 auth.go:60: AuthMiddleware Started
APP_LOG: 2025/11/13 22:51:19 auth.go:60: AuthMiddleware Started
APP_LOG: 2025/11/13 22:51:19 auth.go:60: AuthMiddleware Started
APP_LOG: 2025/11/13 22:51:19 auth.go:60: AuthMiddleware Started
APP_LOG: 2025/11/13 22:51:19 auth.go:60: AuthMiddleware Started
APP_LOG: 2025/11/13 22:51:19 auth.go:60: AuthMiddleware Started
APP_LOG: 2025/11/13 22:51:19 auth.go:60: AuthMiddleware Started
APP_LOG: 2025/11/13 22:51:19 auth.go:60: AuthMiddleware Started
APP_LOG: 2025/11/13 22:51:47 brandsController.go:45: GetBrands request started
APP_LOG: 2025/11/13 22:51:47 categoriesController.go:44: GetCategories request started
APP_LOG: 2025/11/13 22:51:47 brandsController.go:57: GetBrands parameters: page=1, search=''
APP_LOG: 2025/11/13 22:51:47 categoriesController.go:56: GetCategories parameters: page=1, search=''
APP_LOG: 2025/11/13 22:51:47 brandsController.go:66: GetBrands success: 50 brands retrieved
APP_LOG: 2025/11/13 22:51:47 controllers.go:21: Success response: 200
APP_LOG: 2025/11/13 22:51:47 categoriesController.go:65: GetCategories success: 50 categories retrieved
APP_LOG: 2025/11/13 22:51:47 controllers.go:21: Success response: 200
APP_LOG: 2025/11/13 22:52:08 brandsController.go:45: GetBrands request started
APP_LOG: 2025/11/13 22:52:08 brandsController.go:57: GetBrands parameters: page=1, search='iphone'
APP_LOG: 2025/11/13 22:52:08 brandsController.go:66: GetBrands success: 1 brands retrieved
APP_LOG: 2025/11/13 22:52:08 controllers.go:21: Success response: 200
APP_LOG: 2025/11/13 22:52:09 brandsController.go:45: GetBrands request started
APP_LOG: 2025/11/13 22:52:09 brandsController.go:57: GetBrands parameters: page=1, search=''
APP_LOG: 2025/11/13 22:52:09 brandsController.go:66: GetBrands success: 50 brands retrieved
APP_LOG: 2025/11/13 22:52:09 controllers.go:21: Success response: 200
APP_LOG: 2025/11/13 22:52:11 categoriesController.go:44: GetCategories request started
APP_LOG: 2025/11/13 22:52:11 categoriesController.go:56: GetCategories parameters: page=1, search='IOS'
APP_LOG: 2025/11/13 22:52:11 categoriesController.go:65: GetCategories success: 1 categories retrieved
APP_LOG: 2025/11/13 22:52:11 controllers.go:21: Success response: 200
APP_LOG: 2025/11/13 22:52:12 categoriesController.go:44: GetCategories request started
APP_LOG: 2025/11/13 22:52:12 categoriesController.go:56: GetCategories parameters: page=1, search=''
APP_LOG: 2025/11/13 22:52:12 categoriesController.go:65: GetCategories success: 50 categories retrieved
APP_LOG: 2025/11/13 22:52:12 controllers.go:21: Success response: 200
APP_LOG: 2025/11/13 22:52:12 controllers.go:21: Admin success response: 200
APP_LOG: 2025/11/13 22:52:24 productController.go:95: AddProduct request started
APP_LOG: 2025/11/13 22:52:34 productController.go:179: AddProduct success: Product added by user 1
APP_LOG: 2025/11/13 22:52:34 controllers.go:21: Success response: 201
APP_LOG: 2025/11/13 22:52:42 controllers.go:21: Success response: 200
APP_LOG: 2025/11/13 22:52:42 controllers.go:21: Success response: 200
APP_LOG: 2025/11/13 22:52:44 productRepo.go:60:  true
APP_LOG: 2025/11/13 22:52:44 controllers.go:21: Success response: 200
APP_LOG: 2025/11/13 22:53:54 brandsController.go:45: GetBrands request started
APP_LOG: 2025/11/13 22:53:54 brandsController.go:57: GetBrands parameters: page=1, search=''
APP_LOG: 2025/11/13 22:53:54 categoriesController.go:44: GetCategories request started
APP_LOG: 2025/11/13 22:53:54 categoriesController.go:56: GetCategories parameters: page=1, search=''
APP_LOG: 2025/11/13 22:53:54 categoriesController.go:65: GetCategories success: 50 categories retrieved
APP_LOG: 2025/11/13 22:53:54 controllers.go:21: Success response: 200
APP_LOG: 2025/11/13 22:53:54 brandsController.go:66: GetBrands success: 50 brands retrieved
APP_LOG: 2025/11/13 22:53:54 controllers.go:21: Success response: 200
APP_LOG: 2025/11/13 22:54:09 brandsController.go:45: GetBrands request started
APP_LOG: 2025/11/13 22:54:09 brandsController.go:57: GetBrands parameters: page=1, search='iphone'
APP_LOG: 2025/11/13 22:54:09 brandsController.go:66: GetBrands success: 1 brands retrieved
APP_LOG: 2025/11/13 22:54:09 controllers.go:21: Success response: 200
APP_LOG: 2025/11/13 22:54:10 brandsController.go:45: GetBrands request started
APP_LOG: 2025/11/13 22:54:10 brandsController.go:57: GetBrands parameters: page=1, search=''
APP_LOG: 2025/11/13 22:54:10 brandsController.go:66: GetBrands success: 50 brands retrieved
APP_LOG: 2025/11/13 22:54:10 controllers.go:21: Success response: 200
APP_LOG: 2025/11/13 22:54:13 categoriesController.go:44: GetCategories request started
APP_LOG: 2025/11/13 22:54:13 categoriesController.go:56: GetCategories parameters: page=1, search='IOS'
APP_LOG: 2025/11/13 22:54:13 categoriesController.go:65: GetCategories success: 1 categories retrieved
APP_LOG: 2025/11/13 22:54:13 controllers.go:21: Success response: 200
APP_LOG: 2025/11/13 22:54:14 categoriesController.go:44: GetCategories request started
APP_LOG: 2025/11/13 22:54:14 categoriesController.go:56: GetCategories parameters: page=1, search=''
APP_LOG: 2025/11/13 22:54:14 categoriesController.go:65: GetCategories success: 50 categories retrieved
APP_LOG: 2025/11/13 22:54:14 controllers.go:21: Success response: 200
APP_LOG: 2025/11/13 22:54:14 controllers.go:21: Admin success response: 200
APP_LOG: 2025/11/13 23:01:32 auth.go:66: AuthMiddleware: Cookie not found - http: named cookie not present
APP_LOG: 2025/11/13 23:01:32 usersController.go:213: GetAccess request started
APP_LOG: 2025/11/13 23:01:32 usersController.go:249: GetAccess success: Access token refreshed
APP_LOG: 2025/11/13 23:01:32 controllers.go:21: Success response: 200
APP_LOG: 2025/11/13 23:01:32 productController.go:95: AddProduct request started
APP_LOG: 2025/11/13 23:01:34 productController.go:179: AddProduct success: Product added by user 1
APP_LOG: 2025/11/13 23:01:34 controllers.go:21: Success response: 201
